Analysis & Synthesis report for stopwach
Wed May 22 14:36:48 2019
Quartus II 64-Bit Version 13.1.0 Build 162 10/23/2013 SJ Web Edition


---------------------
; Table of Contents ;
---------------------
  1. Legal Notice
  2. Analysis & Synthesis Summary
  3. Analysis & Synthesis Settings
  4. Parallel Compilation
  5. Analysis & Synthesis Source Files Read
  6. Analysis & Synthesis Resource Usage Summary
  7. Analysis & Synthesis Resource Utilization by Entity
  8. General Register Statistics
  9. Multiplexer Restructuring Statistics (Restructuring Performed)
 10. Parameter Settings for User Entity Instance: stopwatch_01:inst
 11. Elapsed Time Per Partition
 12. Analysis & Synthesis Messages



----------------
; Legal Notice ;
----------------
Copyright (C) 1991-2013 Altera Corporation
Your use of Altera Corporation's design tools, logic functions 
and other software and tools, and its AMPP partner logic 
functions, and any output files from any of the foregoing 
(including device programming or simulation files), and any 
associated documentation or information are expressly subject 
to the terms and conditions of the Altera Program License 
Subscription Agreement, Altera MegaCore Function License 
Agreement, or other applicable license agreement, including, 
without limitation, that your use is for the sole purpose of 
programming logic devices manufactured by Altera and sold by 
Altera or its authorized distributors.  Please refer to the 
applicable agreement for further details.



+------------------------------------------------------------------------------+
; Analysis & Synthesis Summary                                                 ;
+---------------------------------+--------------------------------------------+
; Analysis & Synthesis Status     ; Successful - Wed May 22 14:36:48 2019      ;
; Quartus II 64-Bit Version       ; 13.1.0 Build 162 10/23/2013 SJ Web Edition ;
; Revision Name                   ; stopwach                                   ;
; Top-level Entity Name           ; stopwach                                   ;
; Family                          ; Cyclone V                                  ;
; Logic utilization (in ALMs)     ; N/A                                        ;
; Total registers                 ; 181                                        ;
; Total pins                      ; 46                                         ;
; Total virtual pins              ; 0                                          ;
; Total block memory bits         ; 0                                          ;
; Total DSP Blocks                ; 0                                          ;
; Total HSSI RX PCSs              ; 0                                          ;
; Total HSSI PMA RX Deserializers ; 0                                          ;
; Total HSSI TX PCSs              ; 0                                          ;
; Total HSSI TX Channels          ; 0                                          ;
; Total PLLs                      ; 0                                          ;
; Total DLLs                      ; 0                                          ;
+---------------------------------+--------------------------------------------+


+---------------------------------------------------------------------------------------------------------------------------+
; Analysis & Synthesis Settings                                                                                             ;
+---------------------------------------------------------------------------------+--------------------+--------------------+
; Option                                                                          ; Setting            ; Default Value      ;
+---------------------------------------------------------------------------------+--------------------+--------------------+
; Device                                                                          ; 5CSEMA5F31C6       ;                    ;
; Top-level entity name                                                           ; stopwach           ; stopwach           ;
; Family name                                                                     ; Cyclone V          ; Cyclone IV GX      ;
; Use smart compilation                                                           ; Off                ; Off                ;
; Enable parallel Assembler and TimeQuest Timing Analyzer during compilation      ; On                 ; On                 ;
; Enable compact report table                                                     ; Off                ; Off                ;
; Restructure Multiplexers                                                        ; Auto               ; Auto               ;
; MLAB Add Timing Constraints For Mixed-Port Feed-Through Mode Setting Don't Care ; Off                ; Off                ;
; Create Debugging Nodes for IP Cores                                             ; Off                ; Off                ;
; Preserve fewer node names                                                       ; On                 ; On                 ;
; Disable OpenCore Plus hardware evaluation                                       ; Off                ; Off                ;
; Verilog Version                                                                 ; Verilog_2001       ; Verilog_2001       ;
; VHDL Version                                                                    ; VHDL_1993          ; VHDL_1993          ;
; State Machine Processing                                                        ; Auto               ; Auto               ;
; Safe State Machine                                                              ; Off                ; Off                ;
; Extract Verilog State Machines                                                  ; On                 ; On                 ;
; Extract VHDL State Machines                                                     ; On                 ; On                 ;
; Ignore Verilog initial constructs                                               ; Off                ; Off                ;
; Iteration limit for constant Verilog loops                                      ; 5000               ; 5000               ;
; Iteration limit for non-constant Verilog loops                                  ; 250                ; 250                ;
; Add Pass-Through Logic to Inferred RAMs                                         ; On                 ; On                 ;
; Infer RAMs from Raw Logic                                                       ; On                 ; On                 ;
; Parallel Synthesis                                                              ; On                 ; On                 ;
; DSP Block Balancing                                                             ; Auto               ; Auto               ;
; NOT Gate Push-Back                                                              ; On                 ; On                 ;
; Power-Up Don't Care                                                             ; On                 ; On                 ;
; Remove Redundant Logic Cells                                                    ; Off                ; Off                ;
; Remove Duplicate Registers                                                      ; On                 ; On                 ;
; Ignore CARRY Buffers                                                            ; Off                ; Off                ;
; Ignore CASCADE Buffers                                                          ; Off                ; Off                ;
; Ignore GLOBAL Buffers                                                           ; Off                ; Off                ;
; Ignore ROW GLOBAL Buffers                                                       ; Off                ; Off                ;
; Ignore LCELL Buffers                                                            ; Off                ; Off                ;
; Ignore SOFT Buffers                                                             ; On                 ; On                 ;
; Limit AHDL Integers to 32 Bits                                                  ; Off                ; Off                ;
; Optimization Technique                                                          ; Balanced           ; Balanced           ;
; Carry Chain Length                                                              ; 70                 ; 70                 ;
; Auto Carry Chains                                                               ; On                 ; On                 ;
; Auto Open-Drain Pins                                                            ; On                 ; On                 ;
; Perform WYSIWYG Primitive Resynthesis                                           ; Off                ; Off                ;
; Auto ROM Replacement                                                            ; On                 ; On                 ;
; Auto RAM Replacement                                                            ; On                 ; On                 ;
; Auto DSP Block Replacement                                                      ; On                 ; On                 ;
; Auto Shift Register Replacement                                                 ; Auto               ; Auto               ;
; Allow Shift Register Merging across Hierarchies                                 ; Auto               ; Auto               ;
; Auto Clock Enable Replacement                                                   ; On                 ; On                 ;
; Strict RAM Replacement                                                          ; Off                ; Off                ;
; Allow Synchronous Control Signals                                               ; On                 ; On                 ;
; Force Use of Synchronous Clear Signals                                          ; Off                ; Off                ;
; Auto Resource Sharing                                                           ; Off                ; Off                ;
; Allow Any RAM Size For Recognition                                              ; Off                ; Off                ;
; Allow Any ROM Size For Recognition                                              ; Off                ; Off                ;
; Allow Any Shift Register Size For Recognition                                   ; Off                ; Off                ;
; Use LogicLock Constraints during Resource Balancing                             ; On                 ; On                 ;
; Ignore translate_off and synthesis_off directives                               ; Off                ; Off                ;
; Timing-Driven Synthesis                                                         ; On                 ; On                 ;
; Report Parameter Settings                                                       ; On                 ; On                 ;
; Report Source Assignments                                                       ; On                 ; On                 ;
; Report Connectivity Checks                                                      ; On                 ; On                 ;
; Ignore Maximum Fan-Out Assignments                                              ; Off                ; Off                ;
; Synchronization Register Chain Length                                           ; 3                  ; 3                  ;
; PowerPlay Power Optimization                                                    ; Normal compilation ; Normal compilation ;
; HDL message level                                                               ; Level2             ; Level2             ;
; Suppress Register Optimization Related Messages                                 ; Off                ; Off                ;
; Number of Removed Registers Reported in Synthesis Report                        ; 5000               ; 5000               ;
; Number of Swept Nodes Reported in Synthesis Report                              ; 5000               ; 5000               ;
; Number of Inverted Registers Reported in Synthesis Report                       ; 100                ; 100                ;
; Clock MUX Protection                                                            ; On                 ; On                 ;
; Auto Gated Clock Conversion                                                     ; Off                ; Off                ;
; Block Design Naming                                                             ; Auto               ; Auto               ;
; SDC constraint protection                                                       ; Off                ; Off                ;
; Synthesis Effort                                                                ; Auto               ; Auto               ;
; Shift Register Replacement - Allow Asynchronous Clear Signal                    ; On                 ; On                 ;
; Pre-Mapping Resynthesis Optimization                                            ; Off                ; Off                ;
; Analysis & Synthesis Message Level                                              ; Medium             ; Medium             ;
; Disable Register Merging Across Hierarchies                                     ; Auto               ; Auto               ;
; Resource Aware Inference For Block RAM                                          ; On                 ; On                 ;
; Synthesis Seed                                                                  ; 1                  ; 1                  ;
; Automatic Parallel Synthesis                                                    ; On                 ; On                 ;
+---------------------------------------------------------------------------------+--------------------+--------------------+


+------------------------------------------+
; Parallel Compilation                     ;
+----------------------------+-------------+
; Processors                 ; Number      ;
+----------------------------+-------------+
; Number detected on machine ; 4           ;
; Maximum allowed            ; 4           ;
;                            ;             ;
; Average used               ; 1.00        ;
; Maximum used               ; 1           ;
;                            ;             ;
; Usage by Processor         ; % Time Used ;
;     Processor 1            ; 100.0%      ;
;     Processors 2-4         ;   0.0%      ;
+----------------------------+-------------+


+---------------------------------------------------------------------------------------------------------------------------------------------+
; Analysis & Synthesis Source Files Read                                                                                                      ;
+----------------------------------+-----------------+------------------------------------+-----------------------------------------+---------+
; File Name with User-Entered Path ; Used in Netlist ; File Type                          ; File Name with Absolute Path            ; Library ;
+----------------------------------+-----------------+------------------------------------+-----------------------------------------+---------+
; stopwach.bdf                     ; yes             ; User Block Diagram/Schematic File  ; F:/My_FPGA_Design/stopwach/stopwach.bdf ;         ;
; mstopwach.v                      ; yes             ; User Verilog HDL File              ; F:/My_FPGA_Design/stopwach/mstopwach.v  ;         ;
+----------------------------------+-----------------+------------------------------------+-----------------------------------------+---------+


+--------------------------------------------------------------+
; Analysis & Synthesis Resource Usage Summary                  ;
+---------------------------------------------+----------------+
; Resource                                    ; Usage          ;
+---------------------------------------------+----------------+
; Estimate of Logic utilization (ALMs needed) ; 169            ;
;                                             ;                ;
; Combinational ALUT usage for logic          ; 271            ;
;     -- 7 input functions                    ; 0              ;
;     -- 6 input functions                    ; 64             ;
;     -- 5 input functions                    ; 5              ;
;     -- 4 input functions                    ; 52             ;
;     -- <=3 input functions                  ; 150            ;
;                                             ;                ;
; Dedicated logic registers                   ; 181            ;
;                                             ;                ;
; I/O pins                                    ; 46             ;
; Total DSP Blocks                            ; 0              ;
; Maximum fan-out node                        ; CLOCL_50~input ;
; Maximum fan-out                             ; 181            ;
; Total fan-out                               ; 1641           ;
; Average fan-out                             ; 3.02           ;
+---------------------------------------------+----------------+


+----------------------------------------------------------------------------------------------------------------------------------------------------------------------------------------------------------------------+
; Analysis & Synthesis Resource Utilization by Entity                                                                                                                                                                  ;
+--------------------------------------------+-------------------+--------------+-------------------+------------+------+--------------+----------------------------------------------------------------+--------------+
; Compilation Hierarchy Node                 ; LC Combinationals ; LC Registers ; Block Memory Bits ; DSP Blocks ; Pins ; Virtual Pins ; Full Hierarchy Name                                            ; Library Name ;
+--------------------------------------------+-------------------+--------------+-------------------+------------+------+--------------+----------------------------------------------------------------+--------------+
; |stopwach                                  ; 271 (0)           ; 181 (0)      ; 0                 ; 0          ; 46   ; 0            ; |stopwach                                                      ; work         ;
;    |stopwatch_01:inst|                     ; 271 (229)         ; 181 (181)    ; 0                 ; 0          ; 0    ; 0            ; |stopwach|stopwatch_01:inst                                    ; work         ;
;       |sevenseg:LED8_minute_display_high|  ; 7 (7)             ; 0 (0)        ; 0                 ; 0          ; 0    ; 0            ; |stopwach|stopwatch_01:inst|sevenseg:LED8_minute_display_high  ; work         ;
;       |sevenseg:LED8_minute_display_low|   ; 7 (7)             ; 0 (0)        ; 0                 ; 0          ; 0    ; 0            ; |stopwach|stopwatch_01:inst|sevenseg:LED8_minute_display_low   ; work         ;
;       |sevenseg:LED8_msecond_display_high| ; 7 (7)             ; 0 (0)        ; 0                 ; 0          ; 0    ; 0            ; |stopwach|stopwatch_01:inst|sevenseg:LED8_msecond_display_high ; work         ;
;       |sevenseg:LED8_msecond_display_low|  ; 7 (7)             ; 0 (0)        ; 0                 ; 0          ; 0    ; 0            ; |stopwach|stopwatch_01:inst|sevenseg:LED8_msecond_display_low  ; work         ;
;       |sevenseg:LED8_second_display_high|  ; 7 (7)             ; 0 (0)        ; 0                 ; 0          ; 0    ; 0            ; |stopwach|stopwatch_01:inst|sevenseg:LED8_second_display_high  ; work         ;
;       |sevenseg:LED8_second_display_low|   ; 7 (7)             ; 0 (0)        ; 0                 ; 0          ; 0    ; 0            ; |stopwach|stopwatch_01:inst|sevenseg:LED8_second_display_low   ; work         ;
+--------------------------------------------+-------------------+--------------+-------------------+------------+------+--------------+----------------------------------------------------------------+--------------+
Note: For table entries with two numbers listed, the numbers in parentheses indicate the number of resources of the given type used by the specific entity alone. The numbers listed outside of parentheses indicate the total resources of the given type used by the specific entity and all of its sub-entities in the hierarchy.


+------------------------------------------------------+
; General Register Statistics                          ;
+----------------------------------------------+-------+
; Statistic                                    ; Value ;
+----------------------------------------------+-------+
; Total registers                              ; 181   ;
; Number of registers using Synchronous Clear  ; 120   ;
; Number of registers using Synchronous Load   ; 0     ;
; Number of registers using Asynchronous Clear ; 0     ;
; Number of registers using Asynchronous Load  ; 0     ;
; Number of registers using Clock Enable       ; 152   ;
; Number of registers using Preset             ; 0     ;
+----------------------------------------------+-------+


+------------------------------------------------------------------------------------------------------------------------------------------------------------------+
; Multiplexer Restructuring Statistics (Restructuring Performed)                                                                                                   ;
+--------------------+-----------+---------------+----------------------+------------------------+------------+----------------------------------------------------+
; Multiplexer Inputs ; Bus Width ; Baseline Area ; Area if Restructured ; Saving if Restructured ; Registered ; Example Multiplexer Output                         ;
+--------------------+-----------+---------------+----------------------+------------------------+------------+----------------------------------------------------+
; 3:1                ; 24 bits   ; 48 LEs        ; 0 LEs                ; 48 LEs                 ; Yes        ; |stopwach|stopwatch_01:inst|minute_counter_high[0] ;
; 4:1                ; 4 bits    ; 8 LEs         ; 8 LEs                ; 0 LEs                  ; No         ; |stopwach|stopwatch_01:inst|msecond_counter_low    ;
; 5:1                ; 4 bits    ; 12 LEs        ; 8 LEs                ; 4 LEs                  ; No         ; |stopwach|stopwatch_01:inst|msecond_counter_high   ;
; 6:1                ; 4 bits    ; 16 LEs        ; 8 LEs                ; 8 LEs                  ; No         ; |stopwach|stopwatch_01:inst|second_counter_low     ;
; 7:1                ; 4 bits    ; 16 LEs        ; 8 LEs                ; 8 LEs                  ; No         ; |stopwach|stopwatch_01:inst|second_counter_high    ;
; 8:1                ; 4 bits    ; 20 LEs        ; 8 LEs                ; 12 LEs                 ; No         ; |stopwach|stopwatch_01:inst|minute_counter_low     ;
; 9:1                ; 4 bits    ; 24 LEs        ; 8 LEs                ; 16 LEs                 ; No         ; |stopwach|stopwatch_01:inst|minute_counter_high    ;
+--------------------+-----------+---------------+----------------------+------------------------+------------+----------------------------------------------------+


+----------------------------------------------------------------+
; Parameter Settings for User Entity Instance: stopwatch_01:inst ;
+----------------+--------+--------------------------------------+
; Parameter Name ; Value  ; Type                                 ;
+----------------+--------+--------------------------------------+
; DELAY_TIME     ; 500000 ; Signed Integer                       ;
; DELAY_TIME1    ; 500000 ; Signed Integer                       ;
+----------------+--------+--------------------------------------+
Note: In order to hide this table in the UI and the text report file, please set the "Show Parameter Settings in Synthesis Report" option in "Analysis and Synthesis Settings -> More Settings" to "Off".


+-------------------------------+
; Elapsed Time Per Partition    ;
+----------------+--------------+
; Partition Name ; Elapsed Time ;
+----------------+--------------+
; Top            ; 00:00:01     ;
+----------------+--------------+


+-------------------------------+
; Analysis & Synthesis Messages ;
+-------------------------------+
Info: *******************************************************************
Info: Running Quartus II 64-Bit Analysis & Synthesis
    Info: Version 13.1.0 Build 162 10/23/2013 SJ Web Edition
    Info: Processing started: Wed May 22 14:36:45 2019
Info: Command: quartus_map --read_settings_files=on --write_settings_files=off stopwach -c stopwach
Info (20030): Parallel compilation is enabled and will use 4 of the 4 processors detected
Info (12021): Found 1 design units, including 1 entities, in source file stopwach.bdf
    Info (12023): Found entity 1: stopwach
Info (12021): Found 2 design units, including 2 entities, in source file mstopwach.v
    Info (12023): Found entity 1: stopwatch_01
    Info (12023): Found entity 2: sevenseg
Warning (12019): Can't analyze file -- file test.v is missing
Info (12021): Found 1 design units, including 1 entities, in source file pll.v
    Info (12023): Found entity 1: pll
Info (12021): Found 1 design units, including 1 entities, in source file pll/pll_0002.v
    Info (12023): Found entity 1: pll_0002
Warning (10227): Verilog HDL Port Declaration warning at mstopwach.v(215): data type declaration for "ledsegments" declares packed dimensions but the port declaration declaration does not
Info (10499): HDL info at mstopwach.v(214): see declaration for object "ledsegments"
Info (12127): Elaborating entity "stopwach" for the top level hierarchy
Info (12128): Elaborating entity "stopwatch_01" for hierarchy "stopwatch_01:inst"
Warning (10230): Verilog HDL assignment warning at mstopwach.v(113): truncated value with size 32 to match size of target (4)
Warning (10230): Verilog HDL assignment warning at mstopwach.v(114): truncated value with size 32 to match size of target (4)
Warning (10230): Verilog HDL assignment warning at mstopwach.v(115): truncated value with size 32 to match size of target (4)
Warning (10230): Verilog HDL assignment warning at mstopwach.v(116): truncated value with size 32 to match size of target (4)
Warning (10230): Verilog HDL assignment warning at mstopwach.v(117): truncated value with size 32 to match size of target (4)
Warning (10230): Verilog HDL assignment warning at mstopwach.v(118): truncated value with size 32 to match size of target (4)
Warning (10034): Output port "led0" at mstopwach.v(34) has no driver
Warning (10034): Output port "led1" at mstopwach.v(34) has no driver
Warning (10034): Output port "led2" at mstopwach.v(34) has no driver
Warning (10034): Output port "led3" at mstopwach.v(34) has no driver
Info (12128): Elaborating entity "sevenseg" for hierarchy "stopwatch_01:inst|sevenseg:LED8_minute_display_high"
Info (286030): Timing-Driven Synthesis is running
Warning (20013): Ignored assignments for entity "pll" -- entity does not exist in design
    Warning (20014): Assignment for entity set_global_assignment -name IP_TOOL_NAME altera_pll -entity pll -qip pll.qip -library pll was ignored
    Warning (20014): Assignment for entity set_global_assignment -name IP_TOOL_NAME altera_pll -entity pll -sip pll.sip -library lib_pll was ignored
    Warning (20014): Assignment for entity set_global_assignment -name IP_TOOL_VERSION 13.1 -entity pll -qip pll.qip -library pll was ignored
    Warning (20014): Assignment for entity set_global_assignment -name IP_TOOL_VERSION 13.1 -entity pll -sip pll.sip -library lib_pll was ignored
    Warning (20014): Assignment for entity set_global_assignment -name IP_TOOL_ENV mwpim -entity pll -qip pll.qip -library pll was ignored
    Warning (20014): Assignment for entity set_global_assignment -name IP_TOOL_ENV mwpim -entity pll -sip pll.sip -library lib_pll was ignored
Warning (20013): Ignored assignments for entity "pll_0002" -- entity does not exist in design
    Warning (20014): Assignment for entity set_global_assignment -name IP_TOOL_NAME altera_pll -entity pll_0002 -qip pll.qip -library pll was ignored
    Warning (20014): Assignment for entity set_global_assignment -name IP_TOOL_VERSION 13.1 -entity pll_0002 -qip pll.qip -library pll was ignored
    Warning (20014): Assignment for entity set_global_assignment -name IP_TOOL_ENV mwpim -entity pll_0002 -qip pll.qip -library pll was ignored
Info (16010): Generating hard_block partition "hard_block:auto_generated_inst"
    Info (16011): Adding 0 node(s), including 0 DDIO, 0 PLL, 0 transceiver and 0 LCELL
Info (21057): Implemented 490 device resources after synthesis - the final resource count might be different
    Info (21058): Implemented 4 input pins
    Info (21059): Implemented 42 output pins
    Info (21061): Implemented 444 logic cells
Info: Quartus II 64-Bit Analysis & Synthesis was successful. 0 errors, 23 warnings
    Info: Peak virtual memory: 624 megabytes
    Info: Processing ended: Wed May 22 14:36:48 2019
    Info: Elapsed time: 00:00:03
    Info: Total CPU time (on all processors): 00:00:03


